Total simulations: 35

Events for status and devices: 
Mission "ORBONE": 9
Mission "TMRS": 7
Mission "Unknown": 7
Mission "CLNM": 5
Mission "GALXONE": 7
Device_type "Space_Suit": 5
Device_type "Satellite": 13
Device_type "Unknown": 7
Device_type "Space_tools": 4
Device_type "Space_vehicle": 4
Device_type "Space_rockets": 2
device_status "good": 4
device_status "warning": 6
device_status "killed": 5
device_status "unknown": 13
device_status "faulty": 2
device_status "excellent": 3
device_status "KAJSLFJLAKSF:FIAOJSFOIJASOFJAOISF": 2


Devices that present a greater number of disconnections (UNKNOW state for each mission): 
UNKNOW in the mission: "ORBONE": 3
UNKNOW in the mission: "TMRS": 0
UNKNOW in the mission: "Unknown": 7
UNKNOW in the mission: "CLNM": 2
UNKNOW in the mission: "GALXONE": 1


Mission consolidation with inoperable devices (status KILLED and FAULTY): 
Number of times "faulty-killed" for the device "Space_Suit": 1
Number of times "faulty-killed" for the device "Satellite": 5
Number of times "faulty-killed" for the device "Unknown": 0
Number of times "faulty-killed" for the device "Space_tools": 0
Number of times "faulty-killed" for the device "Space_vehicle": 1
Number of times "faulty-killed" for the device "Space_rockets": 0


Percentage of data generated for each device and mission with respect to the amount of data: 
Total simulations: 35
%Mission sobre total iteraciones: "ORBONE": 25.71%
%Mission sobre total iteraciones: "TMRS": 20.00%
%Mission sobre total iteraciones: "Unknown": 20.00%
%Mission sobre total iteraciones: "CLNM": 14.29%
%Mission sobre total iteraciones: "GALXONE": 20.00%
%Device Status over total iterations: "good": 11.43%
%Device Status over total iterations: "warning": 17.14%
%Device Status over total iterations: "killed": 14.29%
%Device Status over total iterations: "unknown": 37.14%
%Device Status over total iterations: "faulty": 5.71%
%Device Status over total iterations: "excellent": 8.57%
%Device Status over total iterations: "KAJSLFJLAKSF:FIAOJSFOIJASOFJAOISF": 5.71%
