Total simulations: 7

Cantidad de eventos por estado y dispositivo: 
Mission "TMRS": 1
Mission "Unknown": 4
Mission "CLNM": 1
Mission "GALXONE": 1
Device_type "Space_vehicle": 2
Device_type "Unknown": 4
Device_type "Satellite": 1
device_status "faulty": 2
device_status "unknown": 5


Dispositivos que presentan un mayor numero de desconexiones, especificamente en el estado unknown, para cada mision: 
Numero de veces que "unknown" aparece en "Device Status" para la mision "TMRS": 0
Numero de veces que "unknown" aparece en "Device Status" para la mision "Unknown": 4
Numero de veces que "unknown" aparece en "Device Status" para la mision "CLNM": 1
Numero de veces que "unknown" aparece en "Device Status" para la mision "GALXONE": 0


Consolidacion de misiones con dispositivos inoperables :
Numero de veces que "faulty-killed" aparece en "Device Status" para el dispositivo "Space_vehicle": 1
Numero de veces que "faulty-killed" aparece en "Device Status" para el dispositivo "Unknown": 0
Numero de veces que "faulty-killed" aparece en "Device Status" para el dispositivo "Satellite": 1


Porcentaje de datos generados para cada dispositivo y mision respecto a la cantidad de datos: 
Total simulations: 7
%Mission sobre total iteraciones: "TMRS": 14.29%
%Mission sobre total iteraciones: "Unknown": 57.14%
%Mission sobre total iteraciones: "CLNM": 14.29%
%Mission sobre total iteraciones: "GALXONE": 14.29%
%Device Status sobre total iteraciones: "faulty": 28.57%
%Device Status sobre total iteraciones: "unknown": 71.43%
