Total simulations: 23

Cantidad de eventos por estado y dispositivo: 
Mission "TMRS": 7
Mission "Unknown": 10
Mission "CLNM": 2
Mission "GALXONE": 4
Device_type "Space_vehicle": 2
Device_type "Unknown": 10
Device_type "Satellite": 2
Device_type "Space_tools": 6
Device_type "Space_rockets": 3
device_status "faulty": 5
device_status "unknown": 13
device_status "excellent": 2
device_status "killed": 1
device_status "warning": 2


Dispositivos que presentan un mayor numero de desconexiones, especificamente en el estado unknown, para cada mision: 
Numero de veces que "unknown" aparece en "Device Status" para la mision "TMRS": 1
Numero de veces que "unknown" aparece en "Device Status" para la mision "Unknown": 10
Numero de veces que "unknown" aparece en "Device Status" para la mision "CLNM": 1
Numero de veces que "unknown" aparece en "Device Status" para la mision "GALXONE": 1


Consolidacion de misiones con dispositivos inoperables :
Numero de veces que "faulty-killed" aparece en "Device Status" para el dispositivo "Space_vehicle": 1
Numero de veces que "faulty-killed" aparece en "Device Status" para el dispositivo "Unknown": 0
Numero de veces que "faulty-killed" aparece en "Device Status" para el dispositivo "Satellite": 1
Numero de veces que "faulty-killed" aparece en "Device Status" para el dispositivo "Space_tools": 3
Numero de veces que "faulty-killed" aparece en "Device Status" para el dispositivo "Space_rockets": 1


Porcentaje de datos generados para cada dispositivo y mision respecto a la cantidad de datos: 
Total simulations: 23
%Mission sobre total iteraciones: "TMRS": 30.43%
%Mission sobre total iteraciones: "Unknown": 43.48%
%Mission sobre total iteraciones: "CLNM": 8.70%
%Mission sobre total iteraciones: "GALXONE": 17.39%
%Device Status sobre total iteraciones: "faulty": 21.74%
%Device Status sobre total iteraciones: "unknown": 56.52%
%Device Status sobre total iteraciones: "excellent": 8.70%
%Device Status sobre total iteraciones: "killed": 4.35%
%Device Status sobre total iteraciones: "warning": 8.70%
