Total simulations: 16

Cantidad de eventos por estado y dispositivo: 
Mission "TMRS": 5
Mission "Unknown": 6
Mission "CLNM": 2
Mission "GALXONE": 3
Device_type "Space_vehicle": 2
Device_type "Unknown": 6
Device_type "Satellite": 2
Device_type "Space_tools": 4
Device_type "Space_rockets": 2
device_status "faulty": 5
device_status "unknown": 9
device_status "excellent": 1
device_status "warning": 1


Dispositivos que presentan un mayor numero de desconexiones, especificamente en el estado unknown, para cada mision: 
Numero de veces que "unknown" aparece en "Device Status" para la mision "TMRS": 1
Numero de veces que "unknown" aparece en "Device Status" para la mision "Unknown": 6
Numero de veces que "unknown" aparece en "Device Status" para la mision "CLNM": 1
Numero de veces que "unknown" aparece en "Device Status" para la mision "GALXONE": 1


Consolidacion de misiones con dispositivos inoperables :
Numero de veces que "faulty-killed" aparece en "Device Status" para el dispositivo "Space_vehicle": 1
Numero de veces que "faulty-killed" aparece en "Device Status" para el dispositivo "Unknown": 0
Numero de veces que "faulty-killed" aparece en "Device Status" para el dispositivo "Satellite": 1
Numero de veces que "faulty-killed" aparece en "Device Status" para el dispositivo "Space_tools": 2
Numero de veces que "faulty-killed" aparece en "Device Status" para el dispositivo "Space_rockets": 1


Porcentaje de datos generados para cada dispositivo y mision respecto a la cantidad de datos: 
Total simulations: 16
%Mission sobre total iteraciones: "TMRS": 31.25%
%Mission sobre total iteraciones: "Unknown": 37.50%
%Mission sobre total iteraciones: "CLNM": 12.50%
%Mission sobre total iteraciones: "GALXONE": 18.75%
%Device Status sobre total iteraciones: "faulty": 31.25%
%Device Status sobre total iteraciones: "unknown": 56.25%
%Device Status sobre total iteraciones: "excellent": 6.25%
%Device Status sobre total iteraciones: "warning": 6.25%
