Total simulations: 34

Events for status and devices: 
Mission "CLNM": 4
Mission "ORBONE": 9
Mission "TMRS": 7
Mission "Unknown": 9
Mission "GALXONE": 5
Device_type "Space_vehicle": 7
Device_type "Space_tools": 5
Device_type "Space_rockets": 6
Device_type "Unknown": 9
Device_type "Space_Suit": 2
Device_type "Satellite": 5
device_status "faulty": 4
device_status "killed": 5
device_status "excellent": 4
device_status "unknown": 10
device_status "good": 6
device_status "warning": 5


Devices that present a greater number of disconnections (UNKNOW state for each mission): 
UNKNOW in the mission: "CLNM": 0
UNKNOW in the mission: "ORBONE": 0
UNKNOW in the mission: "TMRS": 0
UNKNOW in the mission: "Unknown": 9
UNKNOW in the mission: "GALXONE": 1


Mission consolidation with inoperable devices (status KILLED and FAULTY): 
Number of times "faulty-killed" for the device "Space_vehicle": 3
Number of times "faulty-killed" for the device "Space_tools": 1
Number of times "faulty-killed" for the device "Space_rockets": 3
Number of times "faulty-killed" for the device "Unknown": 0
Number of times "faulty-killed" for the device "Space_Suit": 1
Number of times "faulty-killed" for the device "Satellite": 1


Percentage of data generated for each device and mission with respect to the amount of data: 
Total simulations: 34
%Mission sobre total iteraciones: "CLNM": 11.76%
%Mission sobre total iteraciones: "ORBONE": 26.47%
%Mission sobre total iteraciones: "TMRS": 20.59%
%Mission sobre total iteraciones: "Unknown": 26.47%
%Mission sobre total iteraciones: "GALXONE": 14.71%
%Device Status over total iterations: "faulty": 11.76%
%Device Status over total iterations: "killed": 14.71%
%Device Status over total iterations: "excellent": 11.76%
%Device Status over total iterations: "unknown": 29.41%
%Device Status over total iterations: "good": 17.65%
%Device Status over total iterations: "warning": 14.71%
