Total simulations: 59

Events for status and devices: 
Mission "CLNM": 10
Mission "GALXONE": 9
Mission "TMRS": 14
Mission "Unknown": 12
Mission "ORBONE": 14
Device_type "Satellite": 13
Device_type "Space_vehicle": 10
Device_type "Unknown": 12
Device_type "Space_tools": 13
Device_type "Space_rockets": 7
Device_type "Space_Suit": 4
device_status "warning": 8
device_status "killed": 10
device_status "unknown": 14
device_status "good": 13
device_status "faulty": 8
device_status "excellent": 6


Devices that present a greater number of disconnections (UNKNOW state for each mission): 
UNKNOW in the mission: "CLNM": 0
UNKNOW in the mission: "GALXONE": 2
UNKNOW in the mission: "TMRS": 0
UNKNOW in the mission: "Unknown": 12
UNKNOW in the mission: "ORBONE": 0


Mission consolidation with inoperable devices (status KILLED and FAULTY): 
Number of times "faulty-killed" for the device "Satellite": 6
Number of times "faulty-killed" for the device "Space_vehicle": 4
Number of times "faulty-killed" for the device "Unknown": 0
Number of times "faulty-killed" for the device "Space_tools": 4
Number of times "faulty-killed" for the device "Space_rockets": 3
Number of times "faulty-killed" for the device "Space_Suit": 1


Percentage of data generated for each device and mission with respect to the amount of data: 
Total simulations: 59
%Mission sobre total iteraciones: "CLNM": 16.95%
%Mission sobre total iteraciones: "GALXONE": 15.25%
%Mission sobre total iteraciones: "TMRS": 23.73%
%Mission sobre total iteraciones: "Unknown": 20.34%
%Mission sobre total iteraciones: "ORBONE": 23.73%
%Device Status over total iterations: "warning": 13.56%
%Device Status over total iterations: "killed": 16.95%
%Device Status over total iterations: "unknown": 23.73%
%Device Status over total iterations: "good": 22.03%
%Device Status over total iterations: "faulty": 13.56%
%Device Status over total iterations: "excellent": 10.17%
