Total simulations: 55

Events for status and devices: 
Mission "CLNM": 9
Mission "GALXONE": 9
Mission "TMRS": 12
Mission "Unknown": 11
Mission "ORBONE": 14
Device_type "Satellite": 12
Device_type "Space_vehicle": 10
Device_type "Unknown": 11
Device_type "Space_tools": 11
Device_type "Space_rockets": 7
Device_type "Space_Suit": 4
device_status "warning": 8
device_status "killed": 9
device_status "unknown": 13
device_status "faulty": 8
device_status "excellent": 6
device_status "good": 11


Devices that present a greater number of disconnections (UNKNOW state for each mission): 
UNKNOW in the mission: "CLNM": 0
UNKNOW in the mission: "GALXONE": 2
UNKNOW in the mission: "TMRS": 0
UNKNOW in the mission: "Unknown": 11
UNKNOW in the mission: "ORBONE": 0


Mission consolidation with inoperable devices (status KILLED and FAULTY): 
Number of times "faulty-killed" for the device "Satellite": 6
Number of times "faulty-killed" for the device "Space_vehicle": 4
Number of times "faulty-killed" for the device "Unknown": 0
Number of times "faulty-killed" for the device "Space_tools": 3
Number of times "faulty-killed" for the device "Space_rockets": 3
Number of times "faulty-killed" for the device "Space_Suit": 1


Percentage of data generated for each device and mission with respect to the amount of data: 
Total simulations: 55
%Mission sobre total iteraciones: "CLNM": 16.36%
%Mission sobre total iteraciones: "GALXONE": 16.36%
%Mission sobre total iteraciones: "TMRS": 21.82%
%Mission sobre total iteraciones: "Unknown": 20.00%
%Mission sobre total iteraciones: "ORBONE": 25.45%
%Device Status over total iterations: "warning": 14.55%
%Device Status over total iterations: "killed": 16.36%
%Device Status over total iterations: "unknown": 23.64%
%Device Status over total iterations: "faulty": 14.55%
%Device Status over total iterations: "excellent": 10.91%
%Device Status over total iterations: "good": 20.00%
