Total simulations: 5

Events for status and devices: 
Mission "CLNM": 3
Mission "GALXONE": 1
Mission "Unknown": 1
Device_type "Satellite": 1
Device_type "Space_rockets": 2
Device_type "Space_tools": 1
Device_type "Unknown": 1
device_status "PIPELINE": 2
device_status "warning": 2
device_status "unknown": 1


Devices that present a greater number of disconnections, specifically in the UNKNOW state, for each mission:: 
UNKNOW in the mission: "CLNM": 0
UNKNOW in the mission: "GALXONE": 0
UNKNOW in the mission: "Unknown": 1


Mission consolidation with inoperable devices (status KILLED and FAULTY): 
Number of times "faulty-killed" appears in "Device Status" for the device "Satellite": 0
Number of times "faulty-killed" appears in "Device Status" for the device "Space_rockets": 0
Number of times "faulty-killed" appears in "Device Status" for the device "Space_tools": 0
Number of times "faulty-killed" appears in "Device Status" for the device "Unknown": 0


Percentage of data generated for each device and mission with respect to the amount of data: 
Total simulations: 5
%Mission sobre total iteraciones: "CLNM": 60.00%
%Mission sobre total iteraciones: "GALXONE": 20.00%
%Mission sobre total iteraciones: "Unknown": 20.00%
%Device Status over total iterations: "PIPELINE": 40.00%
%Device Status over total iterations: "warning": 40.00%
%Device Status over total iterations: "unknown": 20.00%
