Total simulations: 5

Events for status and devices: 
Mission "Unknown": 1
Mission "TMRS": 1
Mission "ORBONE": 2
Mission "GALXONE": 1
Device_type "Unknown": 1
Device_type "Space_vehicle": 1
Device_type "Space_tools": 2
Device_type "Space_Suit": 1
device_status "unknown": 1
device_status "warning": 2
device_status "good": 1
device_status "killed": 1


Devices that present a greater number of disconnections (UNKNOW state for each mission): 
UNKNOW in the mission: "Unknown": 1
UNKNOW in the mission: "TMRS": 0
UNKNOW in the mission: "ORBONE": 0
UNKNOW in the mission: "GALXONE": 0


Mission consolidation with inoperable devices (status KILLED and FAULTY): 
Number of times "faulty-killed" for the device "Unknown": 0
Number of times "faulty-killed" for the device "Space_vehicle": 0
Number of times "faulty-killed" for the device "Space_tools": 1
Number of times "faulty-killed" for the device "Space_Suit": 0


Percentage of data generated for each device and mission with respect to the amount of data: 
Total simulations: 5
%Mission sobre total iteraciones: "Unknown": 20.00%
%Mission sobre total iteraciones: "TMRS": 20.00%
%Mission sobre total iteraciones: "ORBONE": 40.00%
%Mission sobre total iteraciones: "GALXONE": 20.00%
%Device Status over total iterations: "unknown": 20.00%
%Device Status over total iterations: "warning": 40.00%
%Device Status over total iterations: "good": 20.00%
%Device Status over total iterations: "killed": 20.00%
