Total simulations: 9

Events for status and devices: 
Mission "Unknown": 2
Mission "GALXONE": 3
Mission "CLNM": 2
Mission "ORBONE": 2
Device_type "Unknown": 2
Device_type "Space_rockets": 2
Device_type "Space_Suit": 2
Device_type "Space_vehicle": 1
Device_type "Satellite": 1
Device_type "Space_tools": 1
device_status "unknown": 4
device_status "killed": 1
device_status "faulty": 3
device_status "excellent": 1


Devices that present a greater number of disconnections (UNKNOW state for each mission): 
UNKNOW in the mission: "Unknown": 2
UNKNOW in the mission: "GALXONE": 0
UNKNOW in the mission: "CLNM": 1
UNKNOW in the mission: "ORBONE": 1


Mission consolidation with inoperable devices (status KILLED and FAULTY): 
Number of times "faulty-killed" for the device "Unknown": 0
Number of times "faulty-killed" for the device "Space_rockets": 2
Number of times "faulty-killed" for the device "Space_Suit": 1
Number of times "faulty-killed" for the device "Space_vehicle": 1
Number of times "faulty-killed" for the device "Satellite": 0
Number of times "faulty-killed" for the device "Space_tools": 0


Percentage of data generated for each device and mission with respect to the amount of data: 
Total simulations: 9
%Mission sobre total iteraciones: "Unknown": 22.22%
%Mission sobre total iteraciones: "GALXONE": 33.33%
%Mission sobre total iteraciones: "CLNM": 22.22%
%Mission sobre total iteraciones: "ORBONE": 22.22%
%Device Status over total iterations: "unknown": 44.44%
%Device Status over total iterations: "killed": 11.11%
%Device Status over total iterations: "faulty": 33.33%
%Device Status over total iterations: "excellent": 11.11%
