Total simulations: 5

Events for status and devices: 
Mission "Unknown": 1
Mission "GALXONE": 2
Mission "CLNM": 1
Mission "ORBONE": 1
Device_type "Unknown": 1
Device_type "Space_rockets": 2
Device_type "Space_Suit": 1
Device_type "Space_vehicle": 1
device_status "unknown": 2
device_status "killed": 1
device_status "faulty": 2


Devices that present a greater number of disconnections (UNKNOW state for each mission): 
UNKNOW in the mission: "Unknown": 1
UNKNOW in the mission: "GALXONE": 0
UNKNOW in the mission: "CLNM": 0
UNKNOW in the mission: "ORBONE": 1


Mission consolidation with inoperable devices (status KILLED and FAULTY): 
Number of times "faulty-killed" for the device "Unknown": 0
Number of times "faulty-killed" for the device "Space_rockets": 2
Number of times "faulty-killed" for the device "Space_Suit": 0
Number of times "faulty-killed" for the device "Space_vehicle": 1


Percentage of data generated for each device and mission with respect to the amount of data: 
Total simulations: 5
%Mission sobre total iteraciones: "Unknown": 20.00%
%Mission sobre total iteraciones: "GALXONE": 40.00%
%Mission sobre total iteraciones: "CLNM": 20.00%
%Mission sobre total iteraciones: "ORBONE": 20.00%
%Device Status over total iterations: "unknown": 40.00%
%Device Status over total iterations: "killed": 20.00%
%Device Status over total iterations: "faulty": 40.00%
