Total simulations: 4

Cantidad de eventos por estado y dispositivo: 
Mission "ORBONE": 1
Mission "Unknown": 1
Mission "GALXONE": 1
Mission "TMRS": 1
Device_type "Space_vehicle": 1
Device_type "Unknown": 1
Device_type "Space_tools": 1
Device_type "Satellite": 1
device_status "warning": 1
device_status "unknown": 2
device_status "good": 1


Dispositivos que presentan un mayor numero de desconexiones, especificamente en el estado unknown, para cada mision: 
Numero de veces que "unknown" aparece en "Device Status" para la mision "ORBONE": 0
Numero de veces que "unknown" aparece en "Device Status" para la mision "Unknown": 1
Numero de veces que "unknown" aparece en "Device Status" para la mision "GALXONE": 0
Numero de veces que "unknown" aparece en "Device Status" para la mision "TMRS": 1


Consolidacion de misiones con dispositivos inoperables :
Numero de veces que "faulty-killed" aparece en "Device Status" para el dispositivo "Space_vehicle": 0
Numero de veces que "faulty-killed" aparece en "Device Status" para el dispositivo "Unknown": 0
Numero de veces que "faulty-killed" aparece en "Device Status" para el dispositivo "Space_tools": 0
Numero de veces que "faulty-killed" aparece en "Device Status" para el dispositivo "Satellite": 0


Porcentaje de datos generados para cada dispositivo y mision respecto a la cantidad de datos: 
Total simulations: 4
%Mission sobre total iteraciones: "ORBONE": 25.00%
%Mission sobre total iteraciones: "Unknown": 25.00%
%Mission sobre total iteraciones: "GALXONE": 25.00%
%Mission sobre total iteraciones: "TMRS": 25.00%
%Device Status sobre total iteraciones: "warning": 25.00%
%Device Status sobre total iteraciones: "unknown": 50.00%
%Device Status sobre total iteraciones: "good": 25.00%
