Total simulations: 17

Cantidad de eventos por estado y dispositivo: 
Mission "TMRS": 4
Mission "Unknown": 5
Mission "ORBONE": 4
Mission "GALXONE": 4
Device_type "Space_rockets": 2
Device_type "Unknown": 5
Device_type "Space_vehicle": 4
Device_type "Satellite": 3
Device_type "Space_tools": 2
Device_type "Space_Suit": 1
device_status "faulty": 4
device_status "unknown": 7
device_status "warning": 5
device_status "good": 1


Dispositivos que presentan un mayor numero de desconexiones, especificamente en el estado unknown, para cada mision: 
Numero de veces que "unknown" aparece en "Device Status" para la mision "TMRS": 2
Numero de veces que "unknown" aparece en "Device Status" para la mision "Unknown": 5
Numero de veces que "unknown" aparece en "Device Status" para la mision "ORBONE": 0
Numero de veces que "unknown" aparece en "Device Status" para la mision "GALXONE": 0


Consolidacion de misiones con dispositivos inoperables :
Numero de veces que "faulty-killed" aparece en "Device Status" para el dispositivo "Space_rockets": 1
Numero de veces que "faulty-killed" aparece en "Device Status" para el dispositivo "Unknown": 0
Numero de veces que "faulty-killed" aparece en "Device Status" para el dispositivo "Space_vehicle": 1
Numero de veces que "faulty-killed" aparece en "Device Status" para el dispositivo "Satellite": 1
Numero de veces que "faulty-killed" aparece en "Device Status" para el dispositivo "Space_tools": 0
Numero de veces que "faulty-killed" aparece en "Device Status" para el dispositivo "Space_Suit": 1


Porcentaje de datos generados para cada dispositivo y mision respecto a la cantidad de datos: 
Total simulations: 17
%Mission sobre total iteraciones: "TMRS": 23.53%
%Mission sobre total iteraciones: "Unknown": 29.41%
%Mission sobre total iteraciones: "ORBONE": 23.53%
%Mission sobre total iteraciones: "GALXONE": 23.53%
%Device Status sobre total iteraciones: "faulty": 23.53%
%Device Status sobre total iteraciones: "unknown": 41.18%
%Device Status sobre total iteraciones: "warning": 29.41%
%Device Status sobre total iteraciones: "good": 5.88%
