Total simulations: 8

Cantidad de eventos por estado y dispositivo: 
Mission "TMRS": 5
Mission "GALXONE": 3
Device_type "Space_vehicle": 2
Device_type "Space_tools": 3
Device_type "Space_Suit": 3
device_status "excellent": 1
device_status "unknown": 4
device_status "warning": 2
device_status "faulty": 1


Dispositivos que presentan un mayor numero de desconexiones, especificamente en el estado unknown, para cada mision: 
Numero de veces que "unknown" aparece en "Device Status" para la mision "TMRS": 2
Numero de veces que "unknown" aparece en "Device Status" para la mision "GALXONE": 2


Consolidacion de misiones con dispositivos inoperables :
Numero de veces que "faulty-killed" aparece en "Device Status" para el dispositivo "Space_vehicle": 0
Numero de veces que "faulty-killed" aparece en "Device Status" para el dispositivo "Space_tools": 0
Numero de veces que "faulty-killed" aparece en "Device Status" para el dispositivo "Space_Suit": 1


Porcentaje de datos generados para cada dispositivo y mision respecto a la cantidad de datos: 
Total simulations: 8
%Mission sobre total iteraciones: "TMRS": 62.50%
%Mission sobre total iteraciones: "GALXONE": 37.50%
%Device Status sobre total iteraciones: "excellent": 12.50%
%Device Status sobre total iteraciones: "unknown": 50.00%
%Device Status sobre total iteraciones: "warning": 25.00%
%Device Status sobre total iteraciones: "faulty": 12.50%
