Total simulations: 8

Cantidad de eventos por estado y dispositivo: 
Mission "CLNM": 3
Mission "Unknown": 3
Mission "ORBONE": 1
Mission "TMRS": 1
Device_type "Space_Suit": 2
Device_type "Unknown": 3
Device_type "Space_vehicle": 2
Device_type "Satellite": 1
device_status "warning": 1
device_status "unknown": 3
device_status "faulty": 2
device_status "killed": 1
device_status "excellent": 1


Dispositivos que presentan un mayor numero de desconexiones, especificamente en el estado unknown, para cada mision: 
Numero de veces que "unknown" aparece en "Device Status" para la mision "CLNM": 0
Numero de veces que "unknown" aparece en "Device Status" para la mision "Unknown": 3
Numero de veces que "unknown" aparece en "Device Status" para la mision "ORBONE": 0
Numero de veces que "unknown" aparece en "Device Status" para la mision "TMRS": 0


Consolidacion de misiones con dispositivos inoperables :
Numero de veces que "faulty-killed" aparece en "Device Status" para el dispositivo "Space_Suit": 1
Numero de veces que "faulty-killed" aparece en "Device Status" para el dispositivo "Unknown": 0
Numero de veces que "faulty-killed" aparece en "Device Status" para el dispositivo "Space_vehicle": 1
Numero de veces que "faulty-killed" aparece en "Device Status" para el dispositivo "Satellite": 1


Porcentaje de datos generados para cada dispositivo y mision respecto a la cantidad de datos: 
Total simulations: 8
%Mission sobre total iteraciones: "CLNM": 37.50%
%Mission sobre total iteraciones: "Unknown": 37.50%
%Mission sobre total iteraciones: "ORBONE": 12.50%
%Mission sobre total iteraciones: "TMRS": 12.50%
%Device Status sobre total iteraciones: "warning": 12.50%
%Device Status sobre total iteraciones: "unknown": 37.50%
%Device Status sobre total iteraciones: "faulty": 25.00%
%Device Status sobre total iteraciones: "killed": 12.50%
%Device Status sobre total iteraciones: "excellent": 12.50%
