Total simulations: 32

Cantidad de eventos por estado y dispositivo: 
Mission "CLNM": 7
Mission "GALXONE": 10
Mission "ORBONE": 8
Mission "TMRS": 3
Mission "Unknown": 4
Device_type "Space_Suit": 5
Device_type "Space_tools": 5
Device_type "Space_vehicle": 10
Device_type "Satellite": 6
Device_type "Space_rockets": 2
Device_type "Unknown": 4
device_status "unknown": 3
device_status "killed": 6
device_status "warning": 9
device_status "faulty": 5
device_status "good": 3
device_status "excellent": 2
device_status "Unknown": 4


Dispositivos que presentan un mayor numero de desconexiones, especificamente en el estado unknown, para cada mision: 
Numero de veces que "unknown" aparece en "Device Status" para la mision "CLNM": 1
Numero de veces que "unknown" aparece en "Device Status" para la mision "GALXONE": 1
Numero de veces que "unknown" aparece en "Device Status" para la mision "ORBONE": 0
Numero de veces que "unknown" aparece en "Device Status" para la mision "TMRS": 1
Numero de veces que "unknown" aparece en "Device Status" para la mision "Unknown": 0


Consolidacion de misiones con dispositivos inoperables :
Numero de veces que "faulty-killed" aparece en "Device Status" para el dispositivo "Space_Suit": 2
Numero de veces que "faulty-killed" aparece en "Device Status" para el dispositivo "Space_tools": 2
Numero de veces que "faulty-killed" aparece en "Device Status" para el dispositivo "Space_vehicle": 4
Numero de veces que "faulty-killed" aparece en "Device Status" para el dispositivo "Satellite": 2
Numero de veces que "faulty-killed" aparece en "Device Status" para el dispositivo "Space_rockets": 1


Porcentaje de datos generados para cada dispositivo y mision respecto a la cantidad de datos: 
Total simulations: 32
%Mission sobre total iteraciones: "CLNM": 21.88%
%Mission sobre total iteraciones: "GALXONE": 31.25%
%Mission sobre total iteraciones: "ORBONE": 25.00%
%Mission sobre total iteraciones: "TMRS": 9.38%
%Mission sobre total iteraciones: "Unknown": 12.50%
%Device Status sobre total iteraciones: "unknown": 9.38%
%Device Status sobre total iteraciones: "killed": 18.75%
%Device Status sobre total iteraciones: "warning": 28.12%
%Device Status sobre total iteraciones: "faulty": 15.62%
%Device Status sobre total iteraciones: "good": 9.38%
%Device Status sobre total iteraciones: "excellent": 6.25%
%Device Status sobre total iteraciones: "Unknown": 12.50%
