Total simulations: 14

Cantidad de eventos por estado y dispositivo: 
Mission "CLNM": 3
Mission "TMRS": 3
Mission "GALXONE": 4
Mission "Unknown": 3
Mission "ORBONE": 1
Device_type "Space_Suit": 3
Device_type "Space_rockets": 2
Device_type "Space_vehicle": 2
Device_type "Unknown": 3
Device_type "Space_tools": 2
Device_type "Satellite": 2
device_status "unknown": 5
device_status "killed": 3
device_status "excellent": 4
device_status "faulty": 1
device_status "warning": 1


Dispositivos que presentan un mayor numero de desconexiones, especificamente en el estado unknown, para cada mision: 
Numero de veces que "unknown" aparece en "Device Status" para la mision "CLNM": 1
Numero de veces que "unknown" aparece en "Device Status" para la mision "TMRS": 1
Numero de veces que "unknown" aparece en "Device Status" para la mision "GALXONE": 0
Numero de veces que "unknown" aparece en "Device Status" para la mision "Unknown": 3
Numero de veces que "unknown" aparece en "Device Status" para la mision "ORBONE": 0


Consolidacion de misiones con dispositivos inoperables :
Numero de veces que "faulty-killed" aparece en "Device Status" para el dispositivo "Space_Suit": 1
Numero de veces que "faulty-killed" aparece en "Device Status" para el dispositivo "Space_rockets": 1
Numero de veces que "faulty-killed" aparece en "Device Status" para el dispositivo "Space_vehicle": 1
Numero de veces que "faulty-killed" aparece en "Device Status" para el dispositivo "Unknown": 0
Numero de veces que "faulty-killed" aparece en "Device Status" para el dispositivo "Space_tools": 1
Numero de veces que "faulty-killed" aparece en "Device Status" para el dispositivo "Satellite": 0


Porcentaje de datos generados para cada dispositivo y mision respecto a la cantidad de datos: 
Total simulations: 14
%Mission sobre total iteraciones: "CLNM": 21.43%
%Mission sobre total iteraciones: "TMRS": 21.43%
%Mission sobre total iteraciones: "GALXONE": 28.57%
%Mission sobre total iteraciones: "Unknown": 21.43%
%Mission sobre total iteraciones: "ORBONE": 7.14%
%Device Status sobre total iteraciones: "unknown": 35.71%
%Device Status sobre total iteraciones: "killed": 21.43%
%Device Status sobre total iteraciones: "excellent": 28.57%
%Device Status sobre total iteraciones: "faulty": 7.14%
%Device Status sobre total iteraciones: "warning": 7.14%
