Total simulations: 20

Cantidad de eventos por estado y dispositivo: 
Mission "CLNM": 3
Mission "TMRS": 6
Mission "GALXONE": 6
Mission "Unknown": 3
Mission "ORBONE": 2
Device_type "Space_Suit": 5
Device_type "Space_rockets": 2
Device_type "Space_vehicle": 4
Device_type "Unknown": 3
Device_type "Space_tools": 4
Device_type "Satellite": 2
device_status "unknown": 6
device_status "killed": 5
device_status "excellent": 4
device_status "faulty": 2
device_status "good": 2
device_status "warning": 1


Dispositivos que presentan un mayor numero de desconexiones, especificamente en el estado unknown, para cada mision: 
Numero de veces que "unknown" aparece en "Device Status" para la mision "CLNM": 1
Numero de veces que "unknown" aparece en "Device Status" para la mision "TMRS": 2
Numero de veces que "unknown" aparece en "Device Status" para la mision "GALXONE": 0
Numero de veces que "unknown" aparece en "Device Status" para la mision "Unknown": 3
Numero de veces que "unknown" aparece en "Device Status" para la mision "ORBONE": 0


Consolidacion de misiones con dispositivos inoperables :
Numero de veces que "faulty-killed" aparece en "Device Status" para el dispositivo "Space_Suit": 3
Numero de veces que "faulty-killed" aparece en "Device Status" para el dispositivo "Space_rockets": 1
Numero de veces que "faulty-killed" aparece en "Device Status" para el dispositivo "Space_vehicle": 1
Numero de veces que "faulty-killed" aparece en "Device Status" para el dispositivo "Unknown": 0
Numero de veces que "faulty-killed" aparece en "Device Status" para el dispositivo "Space_tools": 2
Numero de veces que "faulty-killed" aparece en "Device Status" para el dispositivo "Satellite": 0


Porcentaje de datos generados para cada dispositivo y mision respecto a la cantidad de datos: 
Total simulations: 20
%Mission sobre total iteraciones: "CLNM": 15.00%
%Mission sobre total iteraciones: "TMRS": 30.00%
%Mission sobre total iteraciones: "GALXONE": 30.00%
%Mission sobre total iteraciones: "Unknown": 15.00%
%Mission sobre total iteraciones: "ORBONE": 10.00%
%Device Status sobre total iteraciones: "unknown": 30.00%
%Device Status sobre total iteraciones: "killed": 25.00%
%Device Status sobre total iteraciones: "excellent": 20.00%
%Device Status sobre total iteraciones: "faulty": 10.00%
%Device Status sobre total iteraciones: "good": 10.00%
%Device Status sobre total iteraciones: "warning": 5.00%
