Total simulations: 17

Cantidad de eventos por estado y dispositivo: 
Mission "CLNM": 4
Mission "GALXONE": 1
Mission "ORBONE": 3
Mission "TMRS": 4
Mission "Unknown": 5
Device_type "Space_vehicle": 5
Device_type "Space_tools": 3
Device_type "Unknown": 5
Device_type "Space_Suit": 1
Device_type "Space_rockets": 2
Device_type "Satellite": 1
device_status "excellent": 2
device_status "good": 2
device_status "faulty": 2
device_status "killed": 2
device_status "warning": 2
device_status "unknown": 7


Dispositivos que presentan un mayor numero de desconexiones, especificamente en el estado unknown, para cada mision: 
Numero de veces que "unknown" aparece en "Device Status" para la mision "CLNM": 0
Numero de veces que "unknown" aparece en "Device Status" para la mision "GALXONE": 0
Numero de veces que "unknown" aparece en "Device Status" para la mision "ORBONE": 0
Numero de veces que "unknown" aparece en "Device Status" para la mision "TMRS": 2
Numero de veces que "unknown" aparece en "Device Status" para la mision "Unknown": 5


Consolidacion de misiones con dispositivos inoperables :
Numero de veces que "faulty-killed" aparece en "Device Status" para el dispositivo "Space_vehicle": 2
Numero de veces que "faulty-killed" aparece en "Device Status" para el dispositivo "Space_tools": 1
Numero de veces que "faulty-killed" aparece en "Device Status" para el dispositivo "Unknown": 0
Numero de veces que "faulty-killed" aparece en "Device Status" para el dispositivo "Space_Suit": 1
Numero de veces que "faulty-killed" aparece en "Device Status" para el dispositivo "Space_rockets": 0
Numero de veces que "faulty-killed" aparece en "Device Status" para el dispositivo "Satellite": 0


Porcentaje de datos generados para cada dispositivo y mision respecto a la cantidad de datos: 
Total simulations: 17
%Mission sobre total iteraciones: "CLNM": 23.53%
%Mission sobre total iteraciones: "GALXONE": 5.88%
%Mission sobre total iteraciones: "ORBONE": 17.65%
%Mission sobre total iteraciones: "TMRS": 23.53%
%Mission sobre total iteraciones: "Unknown": 29.41%
%Device Status sobre total iteraciones: "excellent": 11.76%
%Device Status sobre total iteraciones: "good": 11.76%
%Device Status sobre total iteraciones: "faulty": 11.76%
%Device Status sobre total iteraciones: "killed": 11.76%
%Device Status sobre total iteraciones: "warning": 11.76%
%Device Status sobre total iteraciones: "unknown": 41.18%
