Total simulations: 29

Cantidad de eventos por estado y dispositivo: 
Mission "CLNM": 8
Mission "TMRS": 6
Mission "Unknown": 9
Mission "GALXONE": 3
Mission "ORBONE": 3
Device_type "Space_Suit": 2
Device_type "Space_rockets": 7
Device_type "Unknown": 9
Device_type "Space_vehicle": 6
Device_type "Space_tools": 4
Device_type "Satellite": 1
device_status "excellent": 3
device_status "faulty": 4
device_status "killed": 7
device_status "unknown": 11
device_status "good": 2
device_status "warning": 2


Dispositivos que presentan un mayor numero de desconexiones, especificamente en el estado unknown, para cada mision: 
Numero de veces que "unknown" aparece en "Device Status" para la mision "CLNM": 0
Numero de veces que "unknown" aparece en "Device Status" para la mision "TMRS": 2
Numero de veces que "unknown" aparece en "Device Status" para la mision "Unknown": 9
Numero de veces que "unknown" aparece en "Device Status" para la mision "GALXONE": 0
Numero de veces que "unknown" aparece en "Device Status" para la mision "ORBONE": 0


Consolidacion de misiones con dispositivos inoperables :
Numero de veces que "faulty-killed" aparece en "Device Status" para el dispositivo "Space_Suit": 1
Numero de veces que "faulty-killed" aparece en "Device Status" para el dispositivo "Space_rockets": 5
Numero de veces que "faulty-killed" aparece en "Device Status" para el dispositivo "Unknown": 0
Numero de veces que "faulty-killed" aparece en "Device Status" para el dispositivo "Space_vehicle": 3
Numero de veces que "faulty-killed" aparece en "Device Status" para el dispositivo "Space_tools": 2
Numero de veces que "faulty-killed" aparece en "Device Status" para el dispositivo "Satellite": 0


Porcentaje de datos generados para cada dispositivo y mision respecto a la cantidad de datos: 
Total simulations: 29
%Mission sobre total iteraciones: "CLNM": 27.59%
%Mission sobre total iteraciones: "TMRS": 20.69%
%Mission sobre total iteraciones: "Unknown": 31.03%
%Mission sobre total iteraciones: "GALXONE": 10.34%
%Mission sobre total iteraciones: "ORBONE": 10.34%
%Device Status sobre total iteraciones: "excellent": 10.34%
%Device Status sobre total iteraciones: "faulty": 13.79%
%Device Status sobre total iteraciones: "killed": 24.14%
%Device Status sobre total iteraciones: "unknown": 37.93%
%Device Status sobre total iteraciones: "good": 6.90%
%Device Status sobre total iteraciones: "warning": 6.90%
