Total simulations: 9

Cantidad de eventos por estado y dispositivo: 
Mission "CLNM": 3
Mission "ORBONE": 2
Mission "TMRS": 2
Mission "Unknown": 2
Device_type "Space_tools": 2
Device_type "Space_Suit": 1
Device_type "Space_rockets": 2
Device_type "Space_vehicle": 1
Device_type "Satellite": 1
Device_type "Unknown": 2
device_status "killed": 1
device_status "excellent": 1
device_status "faulty": 1
device_status "warning": 1
device_status "good": 1
device_status "unknown": 4


Dispositivos que presentan un mayor numero de desconexiones, especificamente en el estado unknown, para cada mision: 
Numero de veces que "unknown" aparece en "Device Status" para la mision "CLNM": 0
Numero de veces que "unknown" aparece en "Device Status" para la mision "ORBONE": 0
Numero de veces que "unknown" aparece en "Device Status" para la mision "TMRS": 2
Numero de veces que "unknown" aparece en "Device Status" para la mision "Unknown": 2


Consolidacion de misiones con dispositivos inoperables :
Numero de veces que "faulty-killed" aparece en "Device Status" para el dispositivo "Space_tools": 1
Numero de veces que "faulty-killed" aparece en "Device Status" para el dispositivo "Space_Suit": 1
Numero de veces que "faulty-killed" aparece en "Device Status" para el dispositivo "Space_rockets": 0
Numero de veces que "faulty-killed" aparece en "Device Status" para el dispositivo "Space_vehicle": 0
Numero de veces que "faulty-killed" aparece en "Device Status" para el dispositivo "Satellite": 0
Numero de veces que "faulty-killed" aparece en "Device Status" para el dispositivo "Unknown": 0


Porcentaje de datos generados para cada dispositivo y mision respecto a la cantidad de datos: 
Total simulations: 9
%Mission sobre total iteraciones: "CLNM": 33.33%
%Mission sobre total iteraciones: "ORBONE": 22.22%
%Mission sobre total iteraciones: "TMRS": 22.22%
%Mission sobre total iteraciones: "Unknown": 22.22%
%Device Status sobre total iteraciones: "killed": 11.11%
%Device Status sobre total iteraciones: "excellent": 11.11%
%Device Status sobre total iteraciones: "faulty": 11.11%
%Device Status sobre total iteraciones: "warning": 11.11%
%Device Status sobre total iteraciones: "good": 11.11%
%Device Status sobre total iteraciones: "unknown": 44.44%
