Total simulations: 14

Cantidad de eventos por estado y dispositivo: 
Mission "CLNM": 2
Mission "GALXONE": 6
Mission "ORBONE": 1
Mission "TMRS": 2
Mission "Unknown": 3
Device_type "Satellite": 3
Device_type "Space_Suit": 3
Device_type "Space_rockets": 4
Device_type "Space_vehicle": 1
Device_type "Unknown": 3
device_status "excellent": 1
device_status "good": 4
device_status "warning": 2
device_status "killed": 3
device_status "unknown": 4


Dispositivos que presentan un mayor numero de desconexiones, especificamente en el estado unknown, para cada mision: 
Numero de veces que "unknown" aparece en "Device Status" para la mision "CLNM": 0
Numero de veces que "unknown" aparece en "Device Status" para la mision "GALXONE": 1
Numero de veces que "unknown" aparece en "Device Status" para la mision "ORBONE": 0
Numero de veces que "unknown" aparece en "Device Status" para la mision "TMRS": 0
Numero de veces que "unknown" aparece en "Device Status" para la mision "Unknown": 3


Consolidacion de misiones con dispositivos inoperables :
Numero de veces que "faulty-killed" aparece en "Device Status" para el dispositivo "Satellite": 0
Numero de veces que "faulty-killed" aparece en "Device Status" para el dispositivo "Space_Suit": 1
Numero de veces que "faulty-killed" aparece en "Device Status" para el dispositivo "Space_rockets": 2
Numero de veces que "faulty-killed" aparece en "Device Status" para el dispositivo "Space_vehicle": 0
Numero de veces que "faulty-killed" aparece en "Device Status" para el dispositivo "Unknown": 0


Porcentaje de datos generados para cada dispositivo y mision respecto a la cantidad de datos: 
Total simulations: 14
%Mission sobre total iteraciones: "CLNM": 14.29%
%Mission sobre total iteraciones: "GALXONE": 42.86%
%Mission sobre total iteraciones: "ORBONE": 7.14%
%Mission sobre total iteraciones: "TMRS": 14.29%
%Mission sobre total iteraciones: "Unknown": 21.43%
%Device Status sobre total iteraciones: "excellent": 7.14%
%Device Status sobre total iteraciones: "good": 28.57%
%Device Status sobre total iteraciones: "warning": 14.29%
%Device Status sobre total iteraciones: "killed": 21.43%
%Device Status sobre total iteraciones: "unknown": 28.57%
