Total simulations: 14

Cantidad de eventos por estado y dispositivo: 
Mission "Unknown": 6
Mission "GALXONE": 3
Mission "CLNM": 1
Mission "TMRS": 1
Mission "ORBONE": 3
Device_type "Unknown": 6
Device_type "Space_Suit": 2
Device_type "Space_rockets": 2
Device_type "Satellite": 1
Device_type "Space_vehicle": 1
Device_type "Space_tools": 2
device_status "unknown": 7
device_status "killed": 2
device_status "excellent": 1
device_status "faulty": 2
device_status "good": 2


Dispositivos que presentan un mayor numero de desconexiones, especificamente en el estado unknown, para cada mision: 
Numero de veces que "unknown" aparece en "Device Status" para la mision "Unknown": 6
Numero de veces que "unknown" aparece en "Device Status" para la mision "GALXONE": 0
Numero de veces que "unknown" aparece en "Device Status" para la mision "CLNM": 0
Numero de veces que "unknown" aparece en "Device Status" para la mision "TMRS": 0
Numero de veces que "unknown" aparece en "Device Status" para la mision "ORBONE": 1


Consolidacion de misiones con dispositivos inoperables :
Numero de veces que "faulty-killed" aparece en "Device Status" para el dispositivo "Unknown": 0
Numero de veces que "faulty-killed" aparece en "Device Status" para el dispositivo "Space_Suit": 1
Numero de veces que "faulty-killed" aparece en "Device Status" para el dispositivo "Space_rockets": 0
Numero de veces que "faulty-killed" aparece en "Device Status" para el dispositivo "Satellite": 1
Numero de veces que "faulty-killed" aparece en "Device Status" para el dispositivo "Space_vehicle": 0
Numero de veces que "faulty-killed" aparece en "Device Status" para el dispositivo "Space_tools": 2


Porcentaje de datos generados para cada dispositivo y mision respecto a la cantidad de datos: 
Total simulations: 14
%Mission sobre total iteraciones: "Unknown": 42.86%
%Mission sobre total iteraciones: "GALXONE": 21.43%
%Mission sobre total iteraciones: "CLNM": 7.14%
%Mission sobre total iteraciones: "TMRS": 7.14%
%Mission sobre total iteraciones: "ORBONE": 21.43%
%Device Status sobre total iteraciones: "unknown": 50.00%
%Device Status sobre total iteraciones: "killed": 14.29%
%Device Status sobre total iteraciones: "excellent": 7.14%
%Device Status sobre total iteraciones: "faulty": 14.29%
%Device Status sobre total iteraciones: "good": 14.29%
