Total simulations: 15

Cantidad de eventos por estado y dispositivo: 
Mission "CLNM": 3
Mission "GALXONE": 2
Mission "TMRS": 5
Mission "Unknown": 4
Mission "ORBONE": 1
Device_type "Space_Suit": 3
Device_type "Space_rockets": 2
Device_type "Space_vehicle": 4
Device_type "Unknown": 4
Device_type "Satellite": 2
device_status "excellent": 2
device_status "good": 3
device_status "unknown": 7
device_status "warning": 2
device_status "killed": 1


Dispositivos que presentan un mayor numero de desconexiones, especificamente en el estado unknown, para cada mision: 
Numero de veces que "unknown" aparece en "Device Status" para la mision "CLNM": 0
Numero de veces que "unknown" aparece en "Device Status" para la mision "GALXONE": 0
Numero de veces que "unknown" aparece en "Device Status" para la mision "TMRS": 3
Numero de veces que "unknown" aparece en "Device Status" para la mision "Unknown": 4
Numero de veces que "unknown" aparece en "Device Status" para la mision "ORBONE": 0


Consolidacion de misiones con dispositivos inoperables :
Numero de veces que "faulty-killed" aparece en "Device Status" para el dispositivo "Space_Suit": 0
Numero de veces que "faulty-killed" aparece en "Device Status" para el dispositivo "Space_rockets": 1
Numero de veces que "faulty-killed" aparece en "Device Status" para el dispositivo "Space_vehicle": 0
Numero de veces que "faulty-killed" aparece en "Device Status" para el dispositivo "Unknown": 0
Numero de veces que "faulty-killed" aparece en "Device Status" para el dispositivo "Satellite": 0


Porcentaje de datos generados para cada dispositivo y mision respecto a la cantidad de datos: 
Total simulations: 15
%Mission sobre total iteraciones: "CLNM": 20.00%
%Mission sobre total iteraciones: "GALXONE": 13.33%
%Mission sobre total iteraciones: "TMRS": 33.33%
%Mission sobre total iteraciones: "Unknown": 26.67%
%Mission sobre total iteraciones: "ORBONE": 6.67%
%Device Status sobre total iteraciones: "excellent": 13.33%
%Device Status sobre total iteraciones: "good": 20.00%
%Device Status sobre total iteraciones: "unknown": 46.67%
%Device Status sobre total iteraciones: "warning": 13.33%
%Device Status sobre total iteraciones: "killed": 6.67%
