Total simulations: 22

Cantidad de eventos por estado y dispositivo: 
Mission "CLNM": 4
Mission "GALXONE": 4
Mission "TMRS": 8
Mission "Unknown": 5
Mission "ORBONE": 1
Device_type "Space_Suit": 4
Device_type "Space_rockets": 4
Device_type "Space_vehicle": 6
Device_type "Unknown": 5
Device_type "Space_tools": 1
Device_type "Satellite": 2
device_status "excellent": 5
device_status "good": 3
device_status "unknown": 10
device_status "warning": 2
device_status "killed": 2


Dispositivos que presentan un mayor numero de desconexiones, especificamente en el estado unknown, para cada mision: 
Numero de veces que "unknown" aparece en "Device Status" para la mision "CLNM": 0
Numero de veces que "unknown" aparece en "Device Status" para la mision "GALXONE": 1
Numero de veces que "unknown" aparece en "Device Status" para la mision "TMRS": 4
Numero de veces que "unknown" aparece en "Device Status" para la mision "Unknown": 5
Numero de veces que "unknown" aparece en "Device Status" para la mision "ORBONE": 0


Consolidacion de misiones con dispositivos inoperables :
Numero de veces que "faulty-killed" aparece en "Device Status" para el dispositivo "Space_Suit": 0
Numero de veces que "faulty-killed" aparece en "Device Status" para el dispositivo "Space_rockets": 2
Numero de veces que "faulty-killed" aparece en "Device Status" para el dispositivo "Space_vehicle": 0
Numero de veces que "faulty-killed" aparece en "Device Status" para el dispositivo "Unknown": 0
Numero de veces que "faulty-killed" aparece en "Device Status" para el dispositivo "Space_tools": 0
Numero de veces que "faulty-killed" aparece en "Device Status" para el dispositivo "Satellite": 0


Porcentaje de datos generados para cada dispositivo y mision respecto a la cantidad de datos: 
Total simulations: 22
%Mission sobre total iteraciones: "CLNM": 18.18%
%Mission sobre total iteraciones: "GALXONE": 18.18%
%Mission sobre total iteraciones: "TMRS": 36.36%
%Mission sobre total iteraciones: "Unknown": 22.73%
%Mission sobre total iteraciones: "ORBONE": 4.55%
%Device Status sobre total iteraciones: "excellent": 22.73%
%Device Status sobre total iteraciones: "good": 13.64%
%Device Status sobre total iteraciones: "unknown": 45.45%
%Device Status sobre total iteraciones: "warning": 9.09%
%Device Status sobre total iteraciones: "killed": 9.09%
