Total simulations: 18

Cantidad de eventos por estado y dispositivo: 
Mission "Unknown": 5
Mission "CLNM": 4
Mission "ORBONE": 4
Mission "TMRS": 4
Mission "GALXONE": 1
Device_type "Unknown": 5
Device_type "Space_rockets": 2
Device_type "Space_Suit": 4
Device_type "Satellite": 2
Device_type "Space_tools": 4
Device_type "Space_vehicle": 1
device_status "unknown": 8
device_status "faulty": 3
device_status "killed": 3
device_status "warning": 3
device_status "good": 1


Dispositivos que presentan un mayor numero de desconexiones, especificamente en el estado unknown, para cada mision: 
Numero de veces que "unknown" aparece en "Device Status" para la mision "Unknown": 5
Numero de veces que "unknown" aparece en "Device Status" para la mision "CLNM": 2
Numero de veces que "unknown" aparece en "Device Status" para la mision "ORBONE": 1
Numero de veces que "unknown" aparece en "Device Status" para la mision "TMRS": 0
Numero de veces que "unknown" aparece en "Device Status" para la mision "GALXONE": 0


Consolidacion de misiones con dispositivos inoperables :
Numero de veces que "faulty-killed" aparece en "Device Status" para el dispositivo "Unknown": 0
Numero de veces que "faulty-killed" aparece en "Device Status" para el dispositivo "Space_rockets": 1
Numero de veces que "faulty-killed" aparece en "Device Status" para el dispositivo "Space_Suit": 2
Numero de veces que "faulty-killed" aparece en "Device Status" para el dispositivo "Satellite": 1
Numero de veces que "faulty-killed" aparece en "Device Status" para el dispositivo "Space_tools": 1
Numero de veces que "faulty-killed" aparece en "Device Status" para el dispositivo "Space_vehicle": 1


Porcentaje de datos generados para cada dispositivo y mision respecto a la cantidad de datos: 
Total simulations: 18
%Mission sobre total iteraciones: "Unknown": 27.78%
%Mission sobre total iteraciones: "CLNM": 22.22%
%Mission sobre total iteraciones: "ORBONE": 22.22%
%Mission sobre total iteraciones: "TMRS": 22.22%
%Mission sobre total iteraciones: "GALXONE": 5.56%
%Device Status sobre total iteraciones: "unknown": 44.44%
%Device Status sobre total iteraciones: "faulty": 16.67%
%Device Status sobre total iteraciones: "killed": 16.67%
%Device Status sobre total iteraciones: "warning": 16.67%
%Device Status sobre total iteraciones: "good": 5.56%
