Total simulations: 9

Cantidad de eventos por estado y dispositivo: 
Mission "GALXONE": 1
Mission "Unknown": 1
Mission "ORBONE": 2
Mission "TMRS": 3
Mission "CLNM": 2
Device_type "Space_tools": 4
Device_type "Unknown": 1
Device_type "Space_Suit": 2
Device_type "Space_vehicle": 1
Device_type "Satellite": 1
device_status "warning": 2
device_status "unknown": 3
device_status "good": 1
device_status "faulty": 2
device_status "killed": 1


Dispositivos que presentan un mayor numero de desconexiones, especificamente en el estado unknown, para cada mision: 
Numero de veces que "unknown" aparece en "Device Status" para la mision "GALXONE": 0
Numero de veces que "unknown" aparece en "Device Status" para la mision "Unknown": 1
Numero de veces que "unknown" aparece en "Device Status" para la mision "ORBONE": 0
Numero de veces que "unknown" aparece en "Device Status" para la mision "TMRS": 0
Numero de veces que "unknown" aparece en "Device Status" para la mision "CLNM": 2


Consolidacion de misiones con dispositivos inoperables :
Numero de veces que "faulty-killed" aparece en "Device Status" para el dispositivo "Space_tools": 1
Numero de veces que "faulty-killed" aparece en "Device Status" para el dispositivo "Unknown": 0
Numero de veces que "faulty-killed" aparece en "Device Status" para el dispositivo "Space_Suit": 0
Numero de veces que "faulty-killed" aparece en "Device Status" para el dispositivo "Space_vehicle": 1
Numero de veces que "faulty-killed" aparece en "Device Status" para el dispositivo "Satellite": 1


Porcentaje de datos generados para cada dispositivo y mision respecto a la cantidad de datos: 
Total simulations: 9
%Mission sobre total iteraciones: "GALXONE": 11.11%
%Mission sobre total iteraciones: "Unknown": 11.11%
%Mission sobre total iteraciones: "ORBONE": 22.22%
%Mission sobre total iteraciones: "TMRS": 33.33%
%Mission sobre total iteraciones: "CLNM": 22.22%
%Device Status sobre total iteraciones: "warning": 22.22%
%Device Status sobre total iteraciones: "unknown": 33.33%
%Device Status sobre total iteraciones: "good": 11.11%
%Device Status sobre total iteraciones: "faulty": 22.22%
%Device Status sobre total iteraciones: "killed": 11.11%
