Total simulations: 4

Cantidad de eventos por estado y dispositivo: 
Mission "CLNM": 2
Mission "TMRS": 2
Device_type "Space_tools": 2
Device_type "Space_Suit": 1
Device_type "Satellite": 1
device_status "unknown": 2
device_status "warning": 1
device_status "killed": 1


Dispositivos que presentan un mayor numero de desconexiones, especificamente en el estado unknown, para cada mision: 
Numero de veces que "unknown" aparece en "Device Status" para la mision "CLNM": 2
Numero de veces que "unknown" aparece en "Device Status" para la mision "TMRS": 0


Consolidacion de misiones con dispositivos inoperables :
Numero de veces que "faulty-killed" aparece en "Device Status" para el dispositivo "Space_tools": 0
Numero de veces que "faulty-killed" aparece en "Device Status" para el dispositivo "Space_Suit": 0
Numero de veces que "faulty-killed" aparece en "Device Status" para el dispositivo "Satellite": 1


Porcentaje de datos generados para cada dispositivo y mision respecto a la cantidad de datos: 
Total simulations: 4
%Mission sobre total iteraciones: "CLNM": 50.00%
%Mission sobre total iteraciones: "TMRS": 50.00%
%Device Status sobre total iteraciones: "unknown": 50.00%
%Device Status sobre total iteraciones: "warning": 25.00%
%Device Status sobre total iteraciones: "killed": 25.00%
